<?xml version="1.0" encoding="UTF-8"?>
<!-- Generated by org.testng.reporters.JUnitXMLReporter -->
<testsuite ignored="0" hostname="Bhagya_Nandana" failures="0" tests="12" name="ChromeTest" time="44.445" errors="0" timestamp="2026-01-09T08:15:11 IST">
  <testcase classname="test_script.HomeTest" name="VerifyLogout" time="2.721"/>
  <testcase classname="test_script.NewsTest" name="verifyHomeLinkClick" time="1.781"/>
  <testcase classname="test_script.NewsTest" name="verifyResetBtnClick" time="1.657"/>
  <testcase classname="test_script.NewsTest" name="verifySaveNews" time="2.18"/>
  <testcase classname="test_script.NewsTest" name="verifySearchNews" time="2.2"/>
  <testcase classname="test_script.LoginTest" name="verifyLoginWithValidCredentials" time="0.907"/>
  <testcase classname="test_script.LoginTest" name="verifyLoginWithValidUsernameAndInvalidPassword" time="0.706"/>
  <testcase classname="test_script.LoginTest" name="verifyLoginWithInvalidUsernameAndValidPassword" time="0.756"/>
  <testcase classname="test_script.LoginTest" name="verifyLoginWithInvalidUsernameAndInvalidPassword" time="0.614"/>
  <testcase classname="test_script.LoginTest" name="verifyLoginWithInvalidUsernameAndInvalidPassword" time="0.533"/>
  <testcase classname="test_script.LoginTest" name="verifyLoginWithInvalidUsernameAndInvalidPassword" time="0.579"/>
  <testcase classname="test_script.AdminTest" name="verifyAddUser" time="3.552"/>
</testsuite> <!-- ChromeTest -->
