<?xml version="1.0" encoding="UTF-8"?>
<!-- Generated by org.testng.reporters.JUnitXMLReporter -->
<testsuite ignored="1" hostname="Bhagya_Nandana" failures="0" tests="1" name="Default test" time="9.715" errors="0" timestamp="2025-12-23T12:17:59 IST">
  <testcase classname="test_script.TestNews" name="verifyResetBtnClick" time="6.038"/>
  <testcase classname="test_script.TestNews" name="verifyHomeLinkClick" time="0.0">
    <ignored/>
  </testcase> <!-- verifyHomeLinkClick -->
</testsuite> <!-- Default test -->
