<?xml version="1.0" encoding="UTF-8"?>
<!-- Generated by org.testng.reporters.JUnitXMLReporter -->
<testsuite ignored="3" hostname="Bhagya_Nandana" failures="0" tests="1" name="Default test" time="5.714" errors="0" timestamp="2025-12-24T09:32:56 IST">
  <testcase classname="test_script.TestNews" name="verifySearchNews" time="3.013"/>
  <testcase classname="test_script.TestNews" name="verifyHomeLinkClick" time="0.0">
    <ignored/>
  </testcase> <!-- verifyHomeLinkClick -->
  <testcase classname="test_script.TestNews" name="verifyResetBtnClick" time="0.0">
    <ignored/>
  </testcase> <!-- verifyResetBtnClick -->
  <testcase classname="test_script.TestNews" name="verifySaveNews" time="0.0">
    <ignored/>
  </testcase> <!-- verifySaveNews -->
</testsuite> <!-- Default test -->
