<?xml version="1.0" encoding="UTF-8"?>
<!-- Generated by org.testng.reporters.JUnitXMLReporter -->
<testsuite ignored="0" hostname="Bhagya_Nandana" failures="0" tests="12" name="Test" time="56.964" errors="0" timestamp="2026-01-08T08:15:07 IST">
  <testcase classname="test_script.HomeTest" name="VerifyLogout" time="3.389"/>
  <testcase classname="test_script.NewsTest" name="verifyHomeLinkClick" time="2.005"/>
  <testcase classname="test_script.NewsTest" name="verifyResetBtnClick" time="2.574"/>
  <testcase classname="test_script.NewsTest" name="verifySaveNews" time="2.412"/>
  <testcase classname="test_script.NewsTest" name="verifySearchNews" time="3.198"/>
  <testcase classname="test_script.LoginTest" name="verifyLoginWithValidCredentials" time="1.344"/>
  <testcase classname="test_script.LoginTest" name="verifyLoginWithValidUsernameAndInvalidPassword" time="1.064"/>
  <testcase classname="test_script.LoginTest" name="verifyLoginWithInvalidUsernameAndValidPassword" time="1.127"/>
  <testcase classname="test_script.LoginTest" name="verifyLoginWithInvalidUsernameAndInvalidPassword" time="0.978"/>
  <testcase classname="test_script.LoginTest" name="verifyLoginWithInvalidUsernameAndInvalidPassword" time="0.989"/>
  <testcase classname="test_script.LoginTest" name="verifyLoginWithInvalidUsernameAndInvalidPassword" time="0.772"/>
  <testcase classname="test_script.AdminTest" name="verifyAddUser" time="5.011"/>
</testsuite> <!-- Test -->
