<?xml version="1.0" encoding="UTF-8"?>
<!-- Generated by org.testng.reporters.JUnitXMLReporter -->
<testsuite ignored="1" hostname="Bhagya_Nandana" failures="0" tests="3" name="Test" time="21.045" errors="0" timestamp="2025-12-30T08:28:53 IST">
  <testcase classname="test_script.NewsTest" name="verifyHomeLinkClick" time="5.284"/>
  <testcase classname="test_script.NewsTest" name="verifyResetBtnClick" time="2.363"/>
  <testcase classname="test_script.NewsTest" name="verifySearchNews" time="3.084"/>
  <testcase classname="test_script.NewsTest" name="verifySaveNews" time="0.0">
    <ignored/>
  </testcase> <!-- verifySaveNews -->
</testsuite> <!-- Test -->
