<?xml version="1.0" encoding="UTF-8"?>
<testng-results ignored="0" total="1" passed="1" failed="0" skipped="0">
  <reporter-output>
  </reporter-output>
  <suite started-at="2025-12-24T09:32:50 IST" name="Default suite" finished-at="2025-12-24T09:32:56 IST" duration-ms="5714">
    <groups>
    </groups>
    <test started-at="2025-12-24T09:32:50 IST" name="Default test" finished-at="2025-12-24T09:32:56 IST" duration-ms="5714">
      <class name="test_script.TestNews">
        <test-method is-config="true" signature="initializeBrowser()[pri:0, instance:test_script.TestNews@459e9125]" started-at="2025-12-24T09:32:50 IST" name="initializeBrowser" finished-at="2025-12-24T09:32:53 IST" duration-ms="2656" status="PASS">
          <reporter-output>
          </reporter-output>
        </test-method> <!-- initializeBrowser -->
        <test-method signature="verifySearchNews()[pri:0, instance:test_script.TestNews@459e9125]" started-at="2025-12-24T09:32:53 IST" name="verifySearchNews" finished-at="2025-12-24T09:32:56 IST" duration-ms="3013" status="PASS">
          <reporter-output>
          </reporter-output>
        </test-method> <!-- verifySearchNews -->
        <test-method is-config="true" signature="closeBrowser()[pri:0, instance:test_script.TestNews@459e9125]" started-at="2025-12-24T09:32:56 IST" name="closeBrowser" finished-at="2025-12-24T09:32:56 IST" duration-ms="1" status="PASS">
          <reporter-output>
          </reporter-output>
        </test-method> <!-- closeBrowser -->
      </class> <!-- test_script.TestNews -->
    </test> <!-- Default test -->
  </suite> <!-- Default suite -->
</testng-results>
