<?xml version="1.0" encoding="UTF-8"?>
<!-- Generated by org.testng.reporters.JUnitReportReporter -->
<testsuite hostname="Bhagya_Nandana" failures="0" tests="4" name="test_script.NewsTest" time="19.873" errors="0" timestamp="2026-01-08T08:15:07 IST" skipped="0">
  <testcase classname="test_script.NewsTest" name="verifyHomeLinkClick" time="4.383"/>
  <testcase classname="test_script.NewsTest" name="verifyResetBtnClick" time="5.279"/>
  <testcase classname="test_script.NewsTest" name="verifySearchNews" time="5.561"/>
  <testcase classname="test_script.NewsTest" name="verifySaveNews" time="4.650"/>
</testsuite> <!-- test_script.NewsTest -->
