<?xml version="1.0" encoding="UTF-8"?>
<!-- Generated by org.testng.reporters.JUnitReportReporter -->
<testsuite hostname="Bhagya_Nandana" failures="0" tests="4" name="test_script.NewsTest" time="13.993" errors="0" timestamp="2026-01-06T09:37:51 IST" skipped="0">
  <testcase classname="test_script.NewsTest" name="verifyResetBtnClick" time="3.209"/>
  <testcase classname="test_script.NewsTest" name="verifySearchNews" time="3.487"/>
  <testcase classname="test_script.NewsTest" name="verifyHomeLinkClick" time="3.655"/>
  <testcase classname="test_script.NewsTest" name="verifySaveNews" time="3.642"/>
</testsuite> <!-- test_script.NewsTest -->
