<?xml version="1.0" encoding="UTF-8"?>
<!-- Generated by org.testng.reporters.JUnitReportReporter -->
<testsuite hostname="Bhagya_Nandana" failures="0" tests="4" name="test_script.LoginTest" time="23.512" errors="0" timestamp="2025-12-29T07:24:05 IST" skipped="0">
  <testcase classname="test_script.LoginTest" name="verifyLoginWithValidCredentials" time="6.532"/>
  <testcase classname="test_script.LoginTest" name="verifyLoginWithValidUsernameAndInvalidPassword" time="9.974"/>
  <testcase classname="test_script.LoginTest" name="verifyLoginWithInvalidUsernameAndValidPassword" time="3.737"/>
  <testcase classname="test_script.LoginTest" name="verifyLoginWithInvalidUsernameAndInvalidPassword" time="3.269"/>
</testsuite> <!-- test_script.LoginTest -->
