<?xml version="1.0" encoding="UTF-8"?>
<!-- Generated by org.testng.reporters.JUnitReportReporter -->
<testsuite hostname="Bhagya_Nandana" failures="0" tests="6" name="test_script.LoginTest" time="14.346" errors="0" timestamp="2026-01-06T09:37:51 IST" skipped="0">
  <testcase classname="test_script.LoginTest" name="verifyLoginWithValidCredentials" time="2.643"/>
  <testcase classname="test_script.LoginTest" name="verifyLoginWithValidUsernameAndInvalidPassword" time="2.392"/>
  <testcase classname="test_script.LoginTest" name="verifyLoginWithInvalidUsernameAndValidPassword" time="2.401"/>
  <testcase classname="test_script.LoginTest" name="verifyLoginWithInvalidUsernameAndInvalidPassword" time="2.336"/>
  <testcase classname="test_script.LoginTest" name="verifyLoginWithInvalidUsernameAndInvalidPassword" time="2.274"/>
  <testcase classname="test_script.LoginTest" name="verifyLoginWithInvalidUsernameAndInvalidPassword" time="2.300"/>
</testsuite> <!-- test_script.LoginTest -->
