<?xml version="1.0" encoding="UTF-8"?>
<!-- Generated by org.testng.reporters.JUnitXMLReporter -->
<testsuite ignored="3" hostname="Bhagya_Nandana" failures="0" tests="2" name="Test" time="17.27" errors="0" timestamp="2026-01-12T07:21:05 IST">
  <testcase classname="test_script.HomeTest" name="VerifyLogout" time="4.531"/>
  <testcase classname="test_script.NewsTest" name="verifySaveNews" time="3.207"/>
  <testcase classname="test_script.NewsTest" name="verifyResetBtnClick" time="0.0">
    <ignored/>
  </testcase> <!-- verifyResetBtnClick -->
  <testcase classname="test_script.NewsTest" name="verifyHomeLinkClick" time="0.0">
    <ignored/>
  </testcase> <!-- verifyHomeLinkClick -->
  <testcase classname="test_script.NewsTest" name="verifySearchNews" time="0.0">
    <ignored/>
  </testcase> <!-- verifySearchNews -->
</testsuite> <!-- Test -->
